  Mesh.cpp
  Pipeline.cpp
  Shader.cpp
  Texture.cpp
  Vertexarray.cpp
C:\Users\Alexandre\Desktop\OpenGLRoot\MaxWell-GL\MaxWell-GL\MaxWell-GL\Moteur Graphique\Vertexarray\Vertexarray.cpp(11,2): warning C4312: 'cast de type' : la conversion de 'uint32_t' en 'void *' d'une taille supérieure
  Vertexbuffer.cpp
  Génération de code en cours...
glew32s.lib(glew.obj) : warning LNK4099: PDB 'vc120.pdb' n'a pu être trouvé avec 'glew32s.lib(glew.obj)' ou sur 'C:\Users\Alexandre\Desktop\OpenGLRoot\MaxWell-GL\MaxWell-GL\x64\Debug\vc120.pdb' ; l'objet sera lié sans informations de débogage
LINK : warning LNK4098: conflit entre la bibliothèque par défaut 'MSVCRT' et les autres bibliothèques ; utilisez /NODEFAULTLIB:library
LINK : warning LNK4098: conflit entre la bibliothèque par défaut 'LIBCMT' et les autres bibliothèques ; utilisez /NODEFAULTLIB:library
LINK : warning LNK4217: le symbole '__glewBindFramebuffer' défini dans 'glew32s.lib(glew.obj)' est importé par 'Framebuffer.obj' dans la fonction '"public: static void __cdecl Framebuffer::delier(void)" (?delier@Framebuffer@@SAXXZ)'
LINK : warning LNK4217: le symbole '__glewCheckFramebufferStatus' défini dans 'glew32s.lib(glew.obj)' est importé par 'Framebuffer.obj' dans la fonction '"public: static void __cdecl Framebuffer::addAttachment(struct Framebuffer * const,unsigned int,unsigned int,unsigned int,unsigned int,unsigned int,unsigned int,unsigned int)" (?addAttachment@Framebuffer@@SAXQEAU1@IIIIIII@Z)'
LINK : warning LNK4217: le symbole '__glewDeleteFramebuffers' défini dans 'glew32s.lib(glew.obj)' est importé par 'Framebuffer.obj' dans la fonction '"public: static void __cdecl Framebuffer::detruire(struct Framebuffer * const)" (?detruire@Framebuffer@@SAXQEAU1@@Z)'
LINK : warning LNK4217: le symbole '__glewFramebufferTexture2D' défini dans 'glew32s.lib(glew.obj)' est importé par 'Framebuffer.obj' dans la fonction '"public: static void __cdecl Framebuffer::addAttachment(struct Framebuffer * const,unsigned int,unsigned int,unsigned int,unsigned int,unsigned int,unsigned int,unsigned int)" (?addAttachment@Framebuffer@@SAXQEAU1@IIIIIII@Z)'
LINK : warning LNK4217: le symbole '__glewGenFramebuffers' défini dans 'glew32s.lib(glew.obj)' est importé par 'Framebuffer.obj' dans la fonction '"public: static void __cdecl Framebuffer::generer(struct Framebuffer * const)" (?generer@Framebuffer@@SAXQEAU1@@Z)'
LINK : warning LNK4217: le symbole '__glewBindBuffer' défini dans 'glew32s.lib(glew.obj)' est importé par 'Indexbuffer.obj' dans la fonction '"public: static void __cdecl Indexbuffer::delier(void)" (?delier@Indexbuffer@@SAXXZ)'
LINK : warning LNK4217: le symbole '__glewBindBuffer' défini dans 'glew32s.lib(glew.obj)' est importé par 'Vertexbuffer.obj' dans la fonction '"public: static void __cdecl Vertexbuffer::delier(void)" (?delier@Vertexbuffer@@SAXXZ)'
LINK : warning LNK4217: le symbole '__glewBufferData' défini dans 'glew32s.lib(glew.obj)' est importé par 'Indexbuffer.obj' dans la fonction '"public: static void __cdecl Indexbuffer::generer(struct Indexbuffer * const,unsigned int)" (?generer@Indexbuffer@@SAXQEAU1@I@Z)'
LINK : warning LNK4217: le symbole '__glewBufferData' défini dans 'glew32s.lib(glew.obj)' est importé par 'Vertexbuffer.obj' dans la fonction '"public: static void __cdecl Vertexbuffer::generer(struct Vertexbuffer * const,unsigned int)" (?generer@Vertexbuffer@@SAXQEAU1@I@Z)'
LINK : warning LNK4217: le symbole '__glewBufferSubData' défini dans 'glew32s.lib(glew.obj)' est importé par 'Indexbuffer.obj' dans la fonction '"public: static void __cdecl Indexbuffer::sendData(struct Indexbuffer,unsigned int,unsigned int,void *)" (?sendData@Indexbuffer@@SAXU1@IIPEAX@Z)'
LINK : warning LNK4217: le symbole '__glewBufferSubData' défini dans 'glew32s.lib(glew.obj)' est importé par 'Vertexbuffer.obj' dans la fonction '"public: static void __cdecl Vertexbuffer::transfererDonnees(struct Vertexbuffer,unsigned int,unsigned int,void *)" (?transfererDonnees@Vertexbuffer@@SAXU1@IIPEAX@Z)'
LINK : warning LNK4217: le symbole '__glewDeleteBuffers' défini dans 'glew32s.lib(glew.obj)' est importé par 'Indexbuffer.obj' dans la fonction '"public: static void __cdecl Indexbuffer::detruire(struct Indexbuffer * const)" (?detruire@Indexbuffer@@SAXQEAU1@@Z)'
LINK : warning LNK4217: le symbole '__glewDeleteBuffers' défini dans 'glew32s.lib(glew.obj)' est importé par 'Vertexbuffer.obj' dans la fonction '"public: static void __cdecl Vertexbuffer::detruire(struct Vertexbuffer * const)" (?detruire@Vertexbuffer@@SAXQEAU1@@Z)'
LINK : warning LNK4217: le symbole '__glewGenBuffers' défini dans 'glew32s.lib(glew.obj)' est importé par 'Indexbuffer.obj' dans la fonction '"public: static void __cdecl Indexbuffer::generer(struct Indexbuffer * const,unsigned int)" (?generer@Indexbuffer@@SAXQEAU1@I@Z)'
LINK : warning LNK4217: le symbole '__glewGenBuffers' défini dans 'glew32s.lib(glew.obj)' est importé par 'Vertexbuffer.obj' dans la fonction '"public: static void __cdecl Vertexbuffer::generer(struct Vertexbuffer * const,unsigned int)" (?generer@Vertexbuffer@@SAXQEAU1@I@Z)'
LINK : warning LNK4217: le symbole '__glewBlendEquation' défini dans 'glew32s.lib(glew.obj)' est importé par 'Pipeline.obj' dans la fonction '"public: static void __cdecl Pipeline::init(struct Pipeline const &)" (?init@Pipeline@@SAXAEBU1@@Z)'
LINK : warning LNK4217: le symbole '__glewAttachShader' défini dans 'glew32s.lib(glew.obj)' est importé par 'Shader.obj' dans la fonction '"public: static void __cdecl Shader::loadSubShader(struct Shader const &,class std::basic_string<char,struct std::char_traits<char>,class std::allocator<char> > const &,unsigned int)" (?loadSubShader@Shader@@SAXAEBU1@AEBV?$basic_string@DU?$char_traits@D@std@@V?$allocator@D@2@@std@@I@Z)'
LINK : warning LNK4217: le symbole '__glewCompileShader' défini dans 'glew32s.lib(glew.obj)' est importé par 'Shader.obj' dans la fonction '"public: static void __cdecl Shader::loadSubShader(struct Shader const &,class std::basic_string<char,struct std::char_traits<char>,class std::allocator<char> > const &,unsigned int)" (?loadSubShader@Shader@@SAXAEBU1@AEBV?$basic_string@DU?$char_traits@D@std@@V?$allocator@D@2@@std@@I@Z)'
LINK : warning LNK4217: le symbole '__glewCreateProgram' défini dans 'glew32s.lib(glew.obj)' est importé par 'Shader.obj' dans la fonction '"public: static void __cdecl Shader::generer(struct Shader * const)" (?generer@Shader@@SAXQEAU1@@Z)'
LINK : warning LNK4217: le symbole '__glewCreateShader' défini dans 'glew32s.lib(glew.obj)' est importé par 'Shader.obj' dans la fonction '"public: static void __cdecl Shader::loadSubShader(struct Shader const &,class std::basic_string<char,struct std::char_traits<char>,class std::allocator<char> > const &,unsigned int)" (?loadSubShader@Shader@@SAXAEBU1@AEBV?$basic_string@DU?$char_traits@D@std@@V?$allocator@D@2@@std@@I@Z)'
LINK : warning LNK4217: le symbole '__glewDeleteShader' défini dans 'glew32s.lib(glew.obj)' est importé par 'Shader.obj' dans la fonction '"public: static void __cdecl Shader::detruire(struct Shader)" (?detruire@Shader@@SAXU1@@Z)'
LINK : warning LNK4217: le symbole '__glewGetProgramInfoLog' défini dans 'glew32s.lib(glew.obj)' est importé par 'Shader.obj' dans la fonction '"public: static void __cdecl Shader::build(struct Shader const &)" (?build@Shader@@SAXAEBU1@@Z)'
LINK : warning LNK4217: le symbole '__glewGetProgramiv' défini dans 'glew32s.lib(glew.obj)' est importé par 'Shader.obj' dans la fonction '"public: static void __cdecl Shader::build(struct Shader const &)" (?build@Shader@@SAXAEBU1@@Z)'
LINK : warning LNK4217: le symbole '__glewGetShaderInfoLog' défini dans 'glew32s.lib(glew.obj)' est importé par 'Shader.obj' dans la fonction '"public: static void __cdecl Shader::loadSubShader(struct Shader const &,class std::basic_string<char,struct std::char_traits<char>,class std::allocator<char> > const &,unsigned int)" (?loadSubShader@Shader@@SAXAEBU1@AEBV?$basic_string@DU?$char_traits@D@std@@V?$allocator@D@2@@std@@I@Z)'
LINK : warning LNK4217: le symbole '__glewGetShaderiv' défini dans 'glew32s.lib(glew.obj)' est importé par 'Shader.obj' dans la fonction '"public: static void __cdecl Shader::loadSubShader(struct Shader const &,class std::basic_string<char,struct std::char_traits<char>,class std::allocator<char> > const &,unsigned int)" (?loadSubShader@Shader@@SAXAEBU1@AEBV?$basic_string@DU?$char_traits@D@std@@V?$allocator@D@2@@std@@I@Z)'
LINK : warning LNK4217: le symbole '__glewGetUniformLocation' défini dans 'glew32s.lib(glew.obj)' est importé par 'Shader.obj' dans la fonction '"public: static void __cdecl Shader::pushConstantFloat(struct Shader const &,class std::basic_string<char,struct std::char_traits<char>,class std::allocator<char> > const &,float)" (?pushConstantFloat@Shader@@SAXAEBU1@AEBV?$basic_string@DU?$char_traits@D@std@@V?$allocator@D@2@@std@@M@Z)'
LINK : warning LNK4217: le symbole '__glewLinkProgram' défini dans 'glew32s.lib(glew.obj)' est importé par 'Shader.obj' dans la fonction '"public: static void __cdecl Shader::build(struct Shader const &)" (?build@Shader@@SAXAEBU1@@Z)'
LINK : warning LNK4217: le symbole '__glewShaderSource' défini dans 'glew32s.lib(glew.obj)' est importé par 'Shader.obj' dans la fonction '"public: static void __cdecl Shader::loadSubShader(struct Shader const &,class std::basic_string<char,struct std::char_traits<char>,class std::allocator<char> > const &,unsigned int)" (?loadSubShader@Shader@@SAXAEBU1@AEBV?$basic_string@DU?$char_traits@D@std@@V?$allocator@D@2@@std@@I@Z)'
LINK : warning LNK4217: le symbole '__glewUniform1f' défini dans 'glew32s.lib(glew.obj)' est importé par 'Shader.obj' dans la fonction '"public: static void __cdecl Shader::pushConstantFloat(struct Shader const &,class std::basic_string<char,struct std::char_traits<char>,class std::allocator<char> > const &,float)" (?pushConstantFloat@Shader@@SAXAEBU1@AEBV?$basic_string@DU?$char_traits@D@std@@V?$allocator@D@2@@std@@M@Z)'
LINK : warning LNK4217: le symbole '__glewUniform1i' défini dans 'glew32s.lib(glew.obj)' est importé par 'Shader.obj' dans la fonction '"public: static void __cdecl Shader::pushTexture(struct Shader const &,class std::basic_string<char,struct std::char_traits<char>,class std::allocator<char> > const &,unsigned int)" (?pushTexture@Shader@@SAXAEBU1@AEBV?$basic_string@DU?$char_traits@D@std@@V?$allocator@D@2@@std@@I@Z)'
LINK : warning LNK4217: le symbole '__glewUniform2f' défini dans 'glew32s.lib(glew.obj)' est importé par 'Shader.obj' dans la fonction '"public: static void __cdecl Shader::pushConstantVec2(struct Shader const &,class std::basic_string<char,struct std::char_traits<char>,class std::allocator<char> > const &,struct glm::vec<2,float,0>)" (?pushConstantVec2@Shader@@SAXAEBU1@AEBV?$basic_string@DU?$char_traits@D@std@@V?$allocator@D@2@@std@@U?$vec@$01M$0A@@glm@@@Z)'
LINK : warning LNK4217: le symbole '__glewUniform3f' défini dans 'glew32s.lib(glew.obj)' est importé par 'Shader.obj' dans la fonction '"public: static void __cdecl Shader::pushConstantVec3(struct Shader const &,class std::basic_string<char,struct std::char_traits<char>,class std::allocator<char> > const &,struct glm::vec<3,float,0>)" (?pushConstantVec3@Shader@@SAXAEBU1@AEBV?$basic_string@DU?$char_traits@D@std@@V?$allocator@D@2@@std@@U?$vec@$02M$0A@@glm@@@Z)'
LINK : warning LNK4217: le symbole '__glewUniformMatrix3fv' défini dans 'glew32s.lib(glew.obj)' est importé par 'Shader.obj' dans la fonction '"public: static void __cdecl Shader::pushConstantMat3(struct Shader const &,class std::basic_string<char,struct std::char_traits<char>,class std::allocator<char> > const &,struct glm::mat<3,3,float,0> const &)" (?pushConstantMat3@Shader@@SAXAEBU1@AEBV?$basic_string@DU?$char_traits@D@std@@V?$allocator@D@2@@std@@AEBU?$mat@$02$02M$0A@@glm@@@Z)'
LINK : warning LNK4217: le symbole '__glewUniformMatrix4fv' défini dans 'glew32s.lib(glew.obj)' est importé par 'Shader.obj' dans la fonction '"public: static void __cdecl Shader::pushConstantMat4(struct Shader const &,class std::basic_string<char,struct std::char_traits<char>,class std::allocator<char> > const &,struct glm::mat<4,4,float,0> const &)" (?pushConstantMat4@Shader@@SAXAEBU1@AEBV?$basic_string@DU?$char_traits@D@std@@V?$allocator@D@2@@std@@AEBU?$mat@$03$03M$0A@@glm@@@Z)'
LINK : warning LNK4217: le symbole '__glewUseProgram' défini dans 'glew32s.lib(glew.obj)' est importé par 'Shader.obj' dans la fonction '"public: static void __cdecl Shader::delier(void)" (?delier@Shader@@SAXXZ)'
LINK : warning LNK4217: le symbole '__glewEnableVertexAttribArray' défini dans 'glew32s.lib(glew.obj)' est importé par 'Vertexarray.obj' dans la fonction '"public: static void __cdecl Vertexarray::ajouterAttribut(struct Vertexarray,unsigned int,unsigned int,unsigned int,bool,unsigned int,unsigned int)" (?ajouterAttribut@Vertexarray@@SAXU1@III_NII@Z)'
LINK : warning LNK4217: le symbole '__glewVertexAttribPointer' défini dans 'glew32s.lib(glew.obj)' est importé par 'Vertexarray.obj' dans la fonction '"public: static void __cdecl Vertexarray::ajouterAttribut(struct Vertexarray,unsigned int,unsigned int,unsigned int,bool,unsigned int,unsigned int)" (?ajouterAttribut@Vertexarray@@SAXU1@III_NII@Z)'
LINK : warning LNK4217: le symbole '__glewBindVertexArray' défini dans 'glew32s.lib(glew.obj)' est importé par 'Vertexarray.obj' dans la fonction '"public: static void __cdecl Vertexarray::delier(void)" (?delier@Vertexarray@@SAXXZ)'
LINK : warning LNK4217: le symbole '__glewDeleteVertexArrays' défini dans 'glew32s.lib(glew.obj)' est importé par 'Vertexarray.obj' dans la fonction '"public: static void __cdecl Vertexarray::detruire(struct Vertexarray * const)" (?detruire@Vertexarray@@SAXQEAU1@@Z)'
LINK : warning LNK4217: le symbole '__glewGenVertexArrays' défini dans 'glew32s.lib(glew.obj)' est importé par 'Vertexarray.obj' dans la fonction '"public: static void __cdecl Vertexarray::generer(struct Vertexarray * const)" (?generer@Vertexarray@@SAXQEAU1@@Z)'
  MaxWell-GL.vcxproj -> C:\Users\Alexandre\Desktop\OpenGLRoot\MaxWell-GL\MaxWell-GL\x64\Debug\MaxWell-GL.exe
